<?xml version="1.0" encoding="UTF-8"?>
<!-- Generated by org.testng.reporters.JUnitReportReporter -->
<testsuite hostname="ICPL12583" failures="0" tests="1" name="com.learnautomation.testcases.ClickonCheckbox" time="2.914" errors="0" timestamp="2020-06-17T23:22:53 IST" skipped="0">
  <testcase classname="com.learnautomation.testcases.ClickonCheckbox" name="checkboxTest" time="2.914"/>
</testsuite> <!-- com.learnautomation.testcases.ClickonCheckbox -->
